[35m[Appium][39m Welcome to Appium v1.22.3
[35m[Appium][39m Non-default server args:
[35m[Appium][39m   port: 60321
[35m[Appium][39m   loglevel: info
[35m[Appium][39m   tmpDir: C:\Users\prabh\AppData\Local\Temp\\Katalon\Appium\Temp1653117736619
[35m[Appium][39m   chromedriverPort: 60322
[35m[Appium][39m Deprecated server args:
[35m[Appium][39m   [31m--chromedriver-port[39m => --default-capabilities
[35m[Appium][39m Default capabilities, which will be added to each request unless overridden by desired capabilities:
[35m[Appium][39m   chromedriverPort: 60322
[35m[Appium][39m Appium REST http interface listener started on 0.0.0.0:60321
[35m[HTTP][39m [37m-->[39m [37mGET[39m [37m/wd/hub/status[39m
[35m[HTTP][39m [90m{}[39m
[35m[HTTP][39m [37m<-- GET /wd/hub/status [39m[32m200[39m [90m4 ms - 68[39m
[35m[HTTP][39m [90m[39m
[35m[HTTP][39m [37m-->[39m [37mGET[39m [37m/wd/hub/status[39m
[35m[HTTP][39m [90m{}[39m
[35m[HTTP][39m [37m<-- GET /wd/hub/status [39m[32m200[39m [90m1 ms - 68[39m
[35m[HTTP][39m [90m[39m
[35m[HTTP][39m [37m-->[39m [37mPOST[39m [37m/wd/hub/session[39m
[35m[HTTP][39m [90m{"desiredCapabilities":{"app":"C:\\Users\\prabh\\Documents\\GitHub\\SwapMateMobile\\build\\app\\outputs\\flutter-apk\\app.apk","noReset":true,"deviceName":"emulator-5554 (Android SDK built for x86 - Android 10)","fullReset":false,"platform":"ANDROID","newCommandTimeout":1800,"platformVersion":"10","automationName":"uiautomator2","autoGrantPermissions":true,"platformName":"Android","udid":"emulator-5554","systemPort":60326},"capabilities":{"firstMatch":[{"appium:app":"C:\\Users\\prabh\\Documents\\GitHub\\SwapMateMobile\\build\\app\\outputs\\flutter-apk\\app.apk","appium:autoGrantPermissions":true,"appium:automationName":"uiautomator2","appium:deviceName":"emulator-5554 (Android SDK built for x86 - Android 10)","appium:fullReset":false,"appium:newCommandTimeout":1800,"appium:noReset":true,"platform":"ANDROID","platformName":"android","appium:platformVersion":"10","appium:systemPort":60326,"appium:udid":"emulator-5554"}]}}[39m
[35m[BaseDriver][39m The following capabilities are not standard capabilities and should have an extension prefix:
[35m[BaseDriver][39m   platform
[35m[BaseDriver][39m   chromedriverPort
[35m[Appium][39m Appium v1.22.3 creating new AndroidUiautomator2Driver (v1.70.1) session
[35m[BaseDriver][39m The following capabilities were provided, but are not recognized by Appium:
[35m[BaseDriver][39m   platform
[35m[BaseDriver][39m Session created with session id: 4b1ec80d-5a72-47b7-bde8-9539f0751ec5
[35m[BaseDriver][39m Using local app 'C:\Users\prabh\Documents\GitHub\SwapMateMobile\build\app\outputs\flutter-apk\app.apk'
[35m[ADB][39m Found 3 'build-tools' folders under 'C:\Users\prabh\AppData\Local\Android\Sdk' (newest first):
[35m[ADB][39m     C:/Users/prabh/AppData/Local/Android/Sdk/build-tools/31.0.0
[35m[ADB][39m     C:/Users/prabh/AppData/Local/Android/Sdk/build-tools/30.0.2
[35m[ADB][39m     C:/Users/prabh/AppData/Local/Android/Sdk/build-tools/29.0.2
[35m[ADB][39m Using 'adb.exe' from 'C:\Users\prabh\AppData\Local\Android\Sdk\platform-tools\adb.exe'
[35m[AndroidDriver][39m Retrieving device list
[35m[AndroidDriver][39m Using device: emulator-5554
[35m[ADB][39m Using 'adb.exe' from 'C:\Users\prabh\AppData\Local\Android\Sdk\platform-tools\adb.exe'
[35m[ADB][39m Getting device platform version
[35m[UiAutomator2][39m Relaxing hidden api policy
[35m[ADB][39m Package name: 'com.example.swap_mate_mobile'
[35m[ADB][39m Main activity name: 'com.example.swap_mate_mobile.MainActivity'
[35m[ADB][39m Using 'apksigner.jar' from 'C:\Users\prabh\AppData\Local\Android\Sdk\build-tools\31.0.0\lib\apksigner.jar'
[35m[ADB][39m 'C:\Users\prabh\AppData\Roaming\npm\node_modules\appium\node_modules\appium-uiautomator2-server\apks\appium-uiautomator2-server-v4.27.0.apk' is signed with the default certificate
[35m[ADB][39m 'C:\Users\prabh\AppData\Roaming\npm\node_modules\appium\node_modules\appium-uiautomator2-server\apks\appium-uiautomator2-server-debug-androidTest.apk' is signed with the default certificate
[35m[UiAutomator2][39m Server packages are not going to be (re)installed
[35m[ADB][39m Adding packages ["io.appium.settings","io.appium.uiautomator2.server","io.appium.uiautomator2.server.test"] to Doze whitelist
[35m[ADB][39m 'C:\Users\prabh\Documents\GitHub\SwapMateMobile\build\app\outputs\flutter-apk\app.apk' is signed with a non-default certificate
[35m[UiAutomator2][39m Starting UIAutomator2 server 4.27.0
[35m[UiAutomator2][39m Using UIAutomator2 server from 'C:\Users\prabh\AppData\Roaming\npm\node_modules\appium\node_modules\appium-uiautomator2-server\apks\appium-uiautomator2-server-v4.27.0.apk' and test from 'C:\Users\prabh\AppData\Roaming\npm\node_modules\appium\node_modules\appium-uiautomator2-server\apks\appium-uiautomator2-server-debug-androidTest.apk'
[35m[UiAutomator2][39m Waiting up to 30000ms for UiAutomator2 to be online...
[35m[WD Proxy][39m socket hang up
[35m[WD Proxy][39m socket hang up
[35m[WD Proxy][39m Determined the downstream protocol as 'W3C'
[35m[AndroidDriver][39m Screen already unlocked, doing nothing
[35m[UiAutomator2][39m Starting 'com.example.swap_mate_mobile/com.example.swap_mate_mobile.MainActivity and waiting for 'com.example.swap_mate_mobile/com.example.swap_mate_mobile.MainActivity'
[35m[Appium][39m New AndroidUiautomator2Driver session created successfully, session 4b1ec80d-5a72-47b7-bde8-9539f0751ec5 added to master session list
[35m[HTTP][39m [37m<-- POST /wd/hub/session [39m[32m200[39m [90m9587 ms - 1399[39m
[35m[HTTP][39m [90m[39m
[35m[HTTP][39m [37m-->[39m [37mGET[39m [37m/wd/hub/session/4b1ec80d-5a72-47b7-bde8-9539f0751ec5[39m
[35m[HTTP][39m [90m{}[39m
[35m[HTTP][39m [37m<-- GET /wd/hub/session/4b1ec80d-5a72-47b7-bde8-9539f0751ec5 [39m[32m200[39m [90m8 ms - 1353[39m
[35m[HTTP][39m [90m[39m
[35m[HTTP][39m [37m-->[39m [37mGET[39m [37m/wd/hub/session/4b1ec80d-5a72-47b7-bde8-9539f0751ec5[39m
[35m[HTTP][39m [90m{}[39m
[35m[HTTP][39m [37m<-- GET /wd/hub/session/4b1ec80d-5a72-47b7-bde8-9539f0751ec5 [39m[32m200[39m [90m8 ms - 1353[39m
[35m[HTTP][39m [90m[39m
[35m[HTTP][39m [37m-->[39m [37mGET[39m [37m/wd/hub/status[39m
[35m[HTTP][39m [90m{}[39m
[35m[HTTP][39m [37m<-- GET /wd/hub/status [39m[32m200[39m [90m1 ms - 68[39m
[35m[HTTP][39m [90m[39m
[35m[HTTP][39m [37m-->[39m [37mPOST[39m [37m/wd/hub/session/4b1ec80d-5a72-47b7-bde8-9539f0751ec5/timeouts[39m
[35m[HTTP][39m [90m{"implicit":60000}[39m
[35m[HTTP][39m [37m<-- POST /wd/hub/session/4b1ec80d-5a72-47b7-bde8-9539f0751ec5/timeouts [39m[32m200[39m [90m9 ms - 14[39m
[35m[HTTP][39m [90m[39m
[35m[HTTP][39m [37m-->[39m [37mGET[39m [37m/wd/hub/session/4b1ec80d-5a72-47b7-bde8-9539f0751ec5/source[39m
[35m[HTTP][39m [90m{}[39m
[35m[W3C (4b1ec80d)][39m Driver proxy active, passing request on via HTTP proxy
[35m[WD Proxy][39m Replacing sessionId 9b8033fa-3cf3-4f37-bdc1-3b2f7474d787 with 4b1ec80d-5a72-47b7-bde8-9539f0751ec5
[35m[HTTP][39m [37m<-- GET /wd/hub/session/4b1ec80d-5a72-47b7-bde8-9539f0751ec5/source [39m[32m200[39m [90m1045 ms - 17121[39m
[35m[HTTP][39m [90m[39m
[35m[HTTP][39m [37m-->[39m [37mGET[39m [37m/wd/hub/session/4b1ec80d-5a72-47b7-bde8-9539f0751ec5/screenshot[39m
[35m[HTTP][39m [90m{}[39m
[35m[HTTP][39m [37m<-- GET /wd/hub/session/4b1ec80d-5a72-47b7-bde8-9539f0751ec5/screenshot [39m[32m200[39m [90m279 ms - 113248[39m
[35m[HTTP][39m [90m[39m
[35m[HTTP][39m [37m-->[39m [37mPOST[39m [37m/wd/hub/session/4b1ec80d-5a72-47b7-bde8-9539f0751ec5/elements[39m
[35m[HTTP][39m [90m{"using":"xpath","value":"//*[@class = 'android.widget.Button' and @resource-id = '' and (@text = '' or . = '')]"}[39m
[35m[HTTP][39m [37m<-- POST /wd/hub/session/4b1ec80d-5a72-47b7-bde8-9539f0751ec5/elements [39m[32m200[39m [90m431 ms - 779[39m
[35m[HTTP][39m [90m[39m
[35m[HTTP][39m [37m-->[39m [37mPOST[39m [37m/wd/hub/session/4b1ec80d-5a72-47b7-bde8-9539f0751ec5/elements[39m
[35m[HTTP][39m [90m{"using":"-android uiautomator","value":"new UiSelector().className(\"android.widget.Button\").resourceId(\"\")"}[39m
[35m[HTTP][39m [37m<-- POST /wd/hub/session/4b1ec80d-5a72-47b7-bde8-9539f0751ec5/elements [39m[32m200[39m [90m71 ms - 779[39m
[35m[HTTP][39m [90m[39m
[35m[HTTP][39m [37m-->[39m [37mGET[39m [37m/wd/hub/session/4b1ec80d-5a72-47b7-bde8-9539f0751ec5/window/rect[39m
[35m[HTTP][39m [90m{}[39m
[35m[HTTP][39m [37m<-- GET /wd/hub/session/4b1ec80d-5a72-47b7-bde8-9539f0751ec5/window/rect [39m[32m200[39m [90m14 ms - 50[39m
[35m[HTTP][39m [90m[39m
[35m[HTTP][39m [37m-->[39m [37mPOST[39m [37m/wd/hub/session/4b1ec80d-5a72-47b7-bde8-9539f0751ec5/elements[39m
[35m[HTTP][39m [90m{"using":"xpath","value":"//hierarchy/android.widget.FrameLayout[1]/android.widget.LinearLayout[1]/android.widget.FrameLayout[1]/android.widget.FrameLayout[1]/android.view.View[1]/android.view.View[1]/android.view.View[1]/android.view.View[1]/android.view.View[1]/android.widget.Button[1]"}[39m
[35m[HTTP][39m [37m<-- POST /wd/hub/session/4b1ec80d-5a72-47b7-bde8-9539f0751ec5/elements [39m[32m200[39m [90m60 ms - 139[39m
[35m[HTTP][39m [90m[39m
[35m[HTTP][39m [37m-->[39m [37mGET[39m [37m/wd/hub/session/4b1ec80d-5a72-47b7-bde8-9539f0751ec5/element/00000000-0000-002f-0000-000500000003/location[39m
[35m[HTTP][39m [90m{}[39m
[35m[W3C (4b1ec80d)][39m Driver proxy active, passing request on via HTTP proxy
[35m[WD Proxy][39m Replacing sessionId 9b8033fa-3cf3-4f37-bdc1-3b2f7474d787 with 4b1ec80d-5a72-47b7-bde8-9539f0751ec5
[35m[HTTP][39m [37m<-- GET /wd/hub/session/4b1ec80d-5a72-47b7-bde8-9539f0751ec5/element/00000000-0000-002f-0000-000500000003/location [39m[32m200[39m [90m14 ms - 75[39m
[35m[HTTP][39m [90m[39m
[35m[HTTP][39m [37m-->[39m [37mPOST[39m [37m/wd/hub/session/4b1ec80d-5a72-47b7-bde8-9539f0751ec5/touch/perform[39m
[35m[HTTP][39m [90m{"actions":[{"action":"tap","options":{"x":1,"y":1,"element":"00000000-0000-002f-0000-000500000003"}}]}[39m
[35m[UiAutomator2][39m calling get location: 00000000-0000-002f-0000-000500000003
[35m[HTTP][39m [37m<-- POST /wd/hub/session/4b1ec80d-5a72-47b7-bde8-9539f0751ec5/touch/perform [39m[32m200[39m [90m158 ms - 14[39m
[35m[HTTP][39m [90m[39m
[35m[HTTP][39m [37m-->[39m [37mGET[39m [37m/wd/hub/session/4b1ec80d-5a72-47b7-bde8-9539f0751ec5/source[39m
[35m[HTTP][39m [90m{}[39m
[35m[W3C (4b1ec80d)][39m Driver proxy active, passing request on via HTTP proxy
[35m[WD Proxy][39m Replacing sessionId 9b8033fa-3cf3-4f37-bdc1-3b2f7474d787 with 4b1ec80d-5a72-47b7-bde8-9539f0751ec5
[35m[HTTP][39m [37m<-- GET /wd/hub/session/4b1ec80d-5a72-47b7-bde8-9539f0751ec5/source [39m[32m200[39m [90m385 ms - 10993[39m
[35m[HTTP][39m [90m[39m
[35m[HTTP][39m [37m-->[39m [37mGET[39m [37m/wd/hub/session/4b1ec80d-5a72-47b7-bde8-9539f0751ec5/screenshot[39m
[35m[HTTP][39m [90m{}[39m
[35m[HTTP][39m [37m<-- GET /wd/hub/session/4b1ec80d-5a72-47b7-bde8-9539f0751ec5/screenshot [39m[32m200[39m [90m363 ms - 538446[39m
[35m[HTTP][39m [90m[39m
[35m[HTTP][39m [37m-->[39m [37mPOST[39m [37m/wd/hub/session/4b1ec80d-5a72-47b7-bde8-9539f0751ec5/elements[39m
[35m[HTTP][39m [90m{"using":"xpath","value":"//*[@class = 'android.view.View' and @resource-id = '' and (@text = '' or . = '')]"}[39m
[35m[HTTP][39m [37m<-- POST /wd/hub/session/4b1ec80d-5a72-47b7-bde8-9539f0751ec5/elements [39m[32m200[39m [90m57 ms - 2571[39m
[35m[HTTP][39m [90m[39m
[35m[HTTP][39m [37m-->[39m [37mPOST[39m [37m/wd/hub/session/4b1ec80d-5a72-47b7-bde8-9539f0751ec5/elements[39m
[35m[HTTP][39m [90m{"using":"accessibility id","value":"Log out"}[39m
[35m[HTTP][39m [37m<-- POST /wd/hub/session/4b1ec80d-5a72-47b7-bde8-9539f0751ec5/elements [39m[32m200[39m [90m19 ms - 139[39m
[35m[HTTP][39m [90m[39m
[35m[HTTP][39m [37m-->[39m [37mGET[39m [37m/wd/hub/session/4b1ec80d-5a72-47b7-bde8-9539f0751ec5/window/rect[39m
[35m[HTTP][39m [90m{}[39m
[35m[HTTP][39m [37m<-- GET /wd/hub/session/4b1ec80d-5a72-47b7-bde8-9539f0751ec5/window/rect [39m[32m200[39m [90m13 ms - 50[39m
[35m[HTTP][39m [90m[39m
[35m[HTTP][39m [37m-->[39m [37mPOST[39m [37m/wd/hub/session/4b1ec80d-5a72-47b7-bde8-9539f0751ec5/elements[39m
[35m[HTTP][39m [90m{"using":"accessibility id","value":"Log out"}[39m
[35m[HTTP][39m [37m<-- POST /wd/hub/session/4b1ec80d-5a72-47b7-bde8-9539f0751ec5/elements [39m[32m200[39m [90m15 ms - 139[39m
[35m[HTTP][39m [90m[39m
[35m[HTTP][39m [37m-->[39m [37mGET[39m [37m/wd/hub/session/4b1ec80d-5a72-47b7-bde8-9539f0751ec5/element/00000000-0000-002f-0000-003700000003/location[39m
[35m[HTTP][39m [90m{}[39m
[35m[W3C (4b1ec80d)][39m Driver proxy active, passing request on via HTTP proxy
[35m[WD Proxy][39m Replacing sessionId 9b8033fa-3cf3-4f37-bdc1-3b2f7474d787 with 4b1ec80d-5a72-47b7-bde8-9539f0751ec5
[35m[HTTP][39m [37m<-- GET /wd/hub/session/4b1ec80d-5a72-47b7-bde8-9539f0751ec5/element/00000000-0000-002f-0000-003700000003/location [39m[32m200[39m [90m13 ms - 77[39m
[35m[HTTP][39m [90m[39m
[35m[HTTP][39m [37m-->[39m [37mPOST[39m [37m/wd/hub/session/4b1ec80d-5a72-47b7-bde8-9539f0751ec5/touch/perform[39m
[35m[HTTP][39m [90m{"actions":[{"action":"tap","options":{"x":1,"y":1,"element":"00000000-0000-002f-0000-003700000003"}}]}[39m
[35m[UiAutomator2][39m calling get location: 00000000-0000-002f-0000-003700000003
[35m[HTTP][39m [37m<-- POST /wd/hub/session/4b1ec80d-5a72-47b7-bde8-9539f0751ec5/touch/perform [39m[32m200[39m [90m142 ms - 14[39m
[35m[HTTP][39m [90m[39m
[35m[HTTP][39m [37m-->[39m [37mGET[39m [37m/wd/hub/session/4b1ec80d-5a72-47b7-bde8-9539f0751ec5/source[39m
[35m[HTTP][39m [90m{}[39m
[35m[W3C (4b1ec80d)][39m Driver proxy active, passing request on via HTTP proxy
[35m[WD Proxy][39m Replacing sessionId 9b8033fa-3cf3-4f37-bdc1-3b2f7474d787 with 4b1ec80d-5a72-47b7-bde8-9539f0751ec5
[35m[HTTP][39m [37m<-- GET /wd/hub/session/4b1ec80d-5a72-47b7-bde8-9539f0751ec5/source [39m[32m200[39m [90m474 ms - 8721[39m
[35m[HTTP][39m [90m[39m
[35m[HTTP][39m [37m-->[39m [37mGET[39m [37m/wd/hub/session/4b1ec80d-5a72-47b7-bde8-9539f0751ec5/screenshot[39m
[35m[HTTP][39m [90m{}[39m
[35m[HTTP][39m [37m<-- GET /wd/hub/session/4b1ec80d-5a72-47b7-bde8-9539f0751ec5/screenshot [39m[32m200[39m [90m250 ms - 372614[39m
[35m[HTTP][39m [90m[39m
[35m[HTTP][39m [37m-->[39m [37mDELETE[39m [37m/wd/hub/session/4b1ec80d-5a72-47b7-bde8-9539f0751ec5[39m
[35m[HTTP][39m [90m{}[39m
[35m[Appium][39m Removing session 4b1ec80d-5a72-47b7-bde8-9539f0751ec5 from our master session list
[35m[UiAutomator2][39m Restoring hidden api policy to the device default configuration
[35m[HTTP][39m [37m<-- DELETE /wd/hub/session/4b1ec80d-5a72-47b7-bde8-9539f0751ec5 [39m[32m200[39m [90m342 ms - 14[39m
[35m[HTTP][39m [90m[39m
